This is e-pTeX, Version 3.14159265-p3.5-130605-2.6 (utf8.euc) (TeX Live 2014) (preloaded format=platex 2014.7.8)  29 JAN 2016 14:01
entering extended mode
 restricted \write18 enabled.
 file:line:error style messages enabled.
 %&-line parsing enabled.
**b1012211
(./b1012211.tex
pLaTeX2e <2006/11/10> (based on LaTeX2e <2014/05/01> patch level 0)
Babel <3.9k> and hyphenation patterns for 79 languages loaded.
(./funthesis.cls
Document Class: funthesis 2004/11/10 v1.50 FUN Thesis pLaTeX class
\c@@paper=\count81
(/usr/local/texlive/2014/texmf-dist/tex/platex/base/jsize11.clo
File: jsize11.clo 2006/06/27 v1.6 Standard pLaTeX file (size option)
)
\c@part=\count82
\c@chapter=\count83
\c@section=\count84
\c@subsection=\count85
\c@subsubsection=\count86
\c@paragraph=\count87
\c@subparagraph=\count88
\c@figure=\count89
\c@table=\count90
\abovecaptionskip=\skip41
\belowcaptionskip=\skip42
\symmincho=\mathgroup4
LaTeX Font Info:    Overwriting symbol font `mincho' in version `bold'
(Font)                  JY1/mc/m/n --> JY1/gt/m/n on input line 811.
\toclineskip=\dimen118
\@lnumwidth=\dimen119
\bibindent=\dimen120
\heisei=\count91
\heiseinendo=\count92
\yearnendo=\count93
)
(/usr/local/texlive/2014/texmf-dist/tex/latex/graphics/graphicx.sty
Package: graphicx 2014/04/25 v1.0g Enhanced LaTeX Graphics (DPC,SPQR)

(/usr/local/texlive/2014/texmf-dist/tex/latex/graphics/keyval.sty
Package: keyval 2014/05/08 v1.15 key=value parser (DPC)
\KV@toks@=\toks15
)
(/usr/local/texlive/2014/texmf-dist/tex/latex/graphics/graphics.sty
Package: graphics 2009/02/05 v1.0o Standard LaTeX Graphics (DPC,SPQR)

(/usr/local/texlive/2014/texmf-dist/tex/latex/graphics/trig.sty
Package: trig 1999/03/16 v1.09 sin cos tan (DPC)
)
(/usr/local/texlive/2014/texmf-dist/tex/latex/latexconfig/graphics.cfg
File: graphics.cfg 2010/04/23 v1.9 graphics configuration of TeX Live
)
Package graphics Info: Driver file: dvipdfmx.def on input line 91.

(/usr/local/texlive/2014/texmf-dist/tex/latex/dvipdfmx-def/dvipdfmx.def
File: dvipdfmx.def 2014/07/02 v4.02 LaTeX color/graphics driver for dvipdfmx (T
eX Live/ChoF)
))
\Gin@req@height=\dimen121
\Gin@req@width=\dimen122
)
(/usr/local/texlive/2014/texmf-dist/tex/latex/here/here.sty)
(/usr/local/texlive/2014/texmf-dist/tex/latex/float/float.sty
Package: float 2001/11/08 v1.3d Float enhancements (AL)
\c@float@type=\count94
\float@exts=\toks16
\float@box=\box41
\@float@everytoks=\toks17
\@floatcapt=\box42
)
(/usr/local/texlive/2014/texmf-dist/tex/latex/url/url.sty
\Urlmuskip=\muskip10
Package: url 2013/09/16  ver 3.4  Verb mode for urls, etc.
) (./b1012211.aux

LaTeX Warning: Label `senni1' multiply defined.


LaTeX Warning: Label `leap' multiply defined.


LaTeX Warning: Label `leap' multiply defined.


LaTeX Warning: Label `leap' multiply defined.

)
\openout1 = `b1012211.aux'.

LaTeX Font Info:    Checking defaults for OML/cmm/m/it on input line 43.
LaTeX Font Info:    ... okay on input line 43.
LaTeX Font Info:    Checking defaults for T1/cmr/m/n on input line 43.
LaTeX Font Info:    ... okay on input line 43.
LaTeX Font Info:    Checking defaults for OT1/cmr/m/n on input line 43.
LaTeX Font Info:    ... okay on input line 43.
LaTeX Font Info:    Checking defaults for OMS/cmsy/m/n on input line 43.
LaTeX Font Info:    ... okay on input line 43.
LaTeX Font Info:    Checking defaults for OMX/cmex/m/n on input line 43.
LaTeX Font Info:    ... okay on input line 43.
LaTeX Font Info:    Checking defaults for U/cmr/m/n on input line 43.
LaTeX Font Info:    ... okay on input line 43.
LaTeX Font Info:    Checking defaults for JY1/mc/m/n on input line 43.
LaTeX Font Info:    ... okay on input line 43.
LaTeX Font Info:    Checking defaults for JT1/mc/m/n on input line 43.
LaTeX Font Info:    ... okay on input line 43.
LaTeX Font Info:    Font shape `JT1/mc/bx/n' in size <10.95> not available
(Font)              Font shape `JT1/gt/m/n' tried instead on input line 46.
LaTeX Font Info:    Font shape `JY1/mc/bx/n' in size <10.95> not available
(Font)              Font shape `JY1/gt/m/n' tried instead on input line 46.
LaTeX Font Info:    Font shape `JT1/mc/bx/n' in size <12> not available
(Font)              Font shape `JT1/gt/m/n' tried instead on input line 46.
LaTeX Font Info:    Font shape `JY1/mc/bx/n' in size <12> not available
(Font)              Font shape `JY1/gt/m/n' tried instead on input line 46.
LaTeX Font Info:    Font shape `JT1/mc/bx/n' in size <17.28> not available
(Font)              Font shape `JT1/gt/m/n' tried instead on input line 46.
LaTeX Font Info:    Font shape `JY1/mc/bx/n' in size <17.28> not available
(Font)              Font shape `JY1/gt/m/n' tried instead on input line 46.
LaTeX Font Info:    Font shape `JT1/mc/bx/n' in size <14.4> not available
(Font)              Font shape `JT1/gt/m/n' tried instead on input line 46.
LaTeX Font Info:    Font shape `JY1/mc/bx/n' in size <14.4> not available
(Font)              Font shape `JY1/gt/m/n' tried instead on input line 46.
 [1

]
LaTeX Font Info:    Font shape `JT1/mc/bx/n' in size <10> not available
(Font)              Font shape `JT1/gt/m/n' tried instead on input line 50.
LaTeX Font Info:    Font shape `JY1/mc/bx/n' in size <10> not available
(Font)              Font shape `JY1/gt/m/n' tried instead on input line 50.
 [0]
LaTeX Font Info:    Font shape `JT1/mc/bx/n' in size <20.74> not available
(Font)              Font shape `JT1/gt/m/n' tried instead on input line 72.
LaTeX Font Info:    Font shape `JY1/mc/bx/n' in size <20.74> not available
(Font)              Font shape `JY1/gt/m/n' tried instead on input line 72.
 (./b1012211.toc
LaTeX Font Info:    External font `cmex10' loaded for size
(Font)              <10.95> on input line 2.
LaTeX Font Info:    External font `cmex10' loaded for size
(Font)              <8> on input line 2.
LaTeX Font Info:    External font `cmex10' loaded for size
(Font)              <6> on input line 2.
)
\tf@toc=\write3
\openout3 = `b1012211.toc'.



LaTeX Font Warning: Font shape `JT1/mc/m/it' undefined
(Font)              using `JT1/mc/m/n' instead on input line 72.


LaTeX Font Warning: Font shape `JY1/mc/m/it' undefined
(Font)              using `JY1/mc/m/n' instead on input line 72.

[1

]
第 1 章
[1

]
第 2 章
File: ./img/clicker.jpg Graphic file (type bmp)
<./img/clicker.jpg> [2

]
LaTeX Font Info:    Try loading font information for OMS+cmr on input line 151.


(/usr/local/texlive/2014/texmf-dist/tex/latex/base/omscmr.fd
File: omscmr.fd 1999/05/25 v2.5h Standard LaTeX font definitions
)
LaTeX Font Info:    Font shape `OMS/cmr/m/n' in size <10.95> not available
(Font)              Font shape `OMS/cmsy/m/n' tried instead on input line 151.
File: ./img/cybozulive.png Graphic file (type bmp)

<./img/cybozulive.png> [3] [4]
第 3 章
File: ./img/kosei2.png Graphic file (type bmp)
<./img/kosei2.png> [5

] [6]
File: ./img/clseni1.png Graphic file (type bmp)
 <./img/clseni1.png>
File: ./img/clseni2.png Graphic file (type bmp)
 <./img/clseni2.png>
File: ./img/clseni3.png Graphic file (type bmp)

<./img/clseni3.png> [7] [8]
File: ./img/sendCL.png Graphic file (type bmp)
 <./img/sendCL.png>
File: ./img/server.png Graphic file (type bmp)
 <./img/server.png> [9]
File: ./img/svcircle.png Graphic file (type bmp)

<./img/svcircle.png>
File: ./img/svmessagearea.png Graphic file (type bmp)
 <./img/svmessagearea.png>
Overfull \hbox (2.43333pt too wide) in paragraph at lines 315--329
[]$[]$ $[]$ 
 []

[10]
File: ./img/mario2.png Graphic file (type bmp)
 <./img/mario2.png> [11]
File: ./img/api.png Graphic file (type bmp)
 <./img/api.png> [12]
File: ./img/LeapMotion.png Graphic file (type bmp)
 <./img/LeapMotion.png>
File: ./img/Leapdoc.png Graphic file (type bmp)

<./img/Leapdoc.png> [13]
File: ./img/Circle.png Graphic file (type bmp)
 <./img/Circle.png>
File: ./img/ScTap.png Graphic file (type bmp)
 <./img/ScTap.png>
Overfull \hbox (2.43333pt too wide) in paragraph at lines 427--441
[]$[]$ $[]$ 
 []

File: ./img/Swipe.png Graphic file (type bmp)
<./img/Swipe.png>
File: ./img/KeyTap.png Graphic file (type bmp)
 <./img/KeyTap.png>
Overfull \hbox (2.43333pt too wide) in paragraph at lines 444--458
[]$[]$ $[]$ 
 []

[14]
File: ./img/LeapAngle.png Graphic file (type bmp)
 <./img/LeapAngle.png> [15]
第 4 章
File: ./img/DSC00031.JPG Graphic file (type bmp)
<./img/DSC00031.JPG> [16

] [17]
File: ./img/question1.png Graphic file (type bmp)
 <./img/question1.png>
File: ./img/question2.png Graphic file (type bmp)
 <./img/question2.png>
Overfull \hbox (2.43333pt too wide) in paragraph at lines 583--597
[]$[]$ $[]$ 
 []

File: ./img/question3.png Graphic file (type bmp)
<./img/question3.png>
File: ./img/question4.png Graphic file (type bmp)
 <./img/question4.png>
Overfull \hbox (2.43333pt too wide) in paragraph at lines 600--614
[]$[]$ $[]$ 
 []

[18]
File: ./img/question5.png Graphic file (type bmp)
 <./img/question5.png>
File: ./img/question6.png Graphic file (type bmp)
 <./img/question6.png>
Overfull \hbox (2.43333pt too wide) in paragraph at lines 617--631
[]$[]$ $[]$ 
 []

File: ./img/question7.png Graphic file (type bmp)
<./img/question7.png>
File: ./img/question8.png Graphic file (type bmp)
 <./img/question8.png>
Overfull \hbox (2.43333pt too wide) in paragraph at lines 634--648
[]$[]$ $[]$ 
 []

[19] [20] [21] [22]
第 5 章
[23

]
第 6 章
[24

] [25

]
Underfull \hbox (badness 1024) in paragraph at lines 769--770
[]\JY1/mc/m/n/10.95 武田直人 田口忠緒\OT1/cmr/m/n/10.95 , \JY1/mc/m/n/10.95 ク
リ ッ カ ー （ 授業応答システム ） を用いた双方向性授業の
 []


Underfull \hbox (badness 1603) in paragraph at lines 769--770
\JY1/mc/m/n/10.95 比較と評価 ： 学生中心学習の構築を目指して\OT1/cmr/m/n/10.95 
, \JY1/mc/m/n/10.95 名城大学薬学部薬学教育開発セ
 []


Underfull \hbox (badness 10000) in paragraph at lines 769--770
\JY1/mc/m/n/10.95 ンタ ー\OT1/cmr/m/n/10.95 , $\OT1/cmtt/m/n/10.95 http : / / w
ww . keepad . com / jp / casestudies / docs / Comparison % 20and %
 []


Underfull \hbox (badness 10000) in paragraph at lines 769--770
\OT1/cmtt/m/n/10.95 20Evaluation % 20of % 20Clikers % 20in % 20the % 20Interact
ive % 20Classroom . pdf$\OT1/cmr/m/n/10.95 ,
 []

[26

]
File: ./img/ank1.png Graphic file (type bmp)
 <./img/ank1.png>
File: ./img/ank2.png Graphic file (type bmp)
 <./img/ank2.png> [27

]
File: ./img/ank3.png Graphic file (type bmp)
 <./img/ank3.png> [28] [29]
File: ./img/setup.png Graphic file (type bmp)

<./img/setup.png>
File: ./img/installer.png Graphic file (type bmp)
 <./img/installer.png>
Overfull \hbox (2.43333pt too wide) in paragraph at lines 846--860
[]$[]$ $[]$ 
 []

[30

]
File: ./img/setting.png Graphic file (type bmp)
 <./img/setting.png>
File: ./img/Lset.png Graphic file (type bmp)
 <./img/Lset.png>
Overfull \hbox (2.43333pt too wide) in paragraph at lines 863--877
[]$[]$ $[]$ 
 []

[31] (./b1012211.lof [32

])
\tf@lof=\write4
\openout4 = `b1012211.lof'.

 [33] (./b1012211.lot)
\tf@lot=\write5
\openout5 = `b1012211.lot'.

 [34

] (./b1012211.aux)

LaTeX Font Warning: Some font shapes were not available, defaults substituted.


LaTeX Warning: There were multiply-defined labels.

 ) 
Here is how much of TeX's memory you used:
 1004 strings out of 493800
 12147 string characters out of 6151525
 72326 words of memory out of 5000000
 4454 multiletter control sequences out of 15000+600000
 18071 words of font info for 70 fonts, out of 8000000 for 9000
 929 hyphenation exceptions out of 8191
 25i,7n,22p,1051b,361s stack positions out of 5000i,500n,10000p,200000b,80000s

Output written on b1012211.dvi (37 pages, 91312 bytes).
